<?xml version="1.0" encoding="UTF-8"?>
<coverage generated="1651950673">
  <project timestamp="1651950673">
    <file name="/home/exsio/php-object-decorator/src/Exsio/PhpObjectDecorator/PhpDecoratedObject.php">
      <class name="Exsio\PhpObjectDecorator\PhpDecoratedObject" namespace="global">
        <metrics complexity="10" methods="4" coveredmethods="3" conditionals="0" coveredconditionals="0" statements="21" coveredstatements="19" elements="25" coveredelements="22"/>
      </class>
      <line num="8" type="method" name="__construct" visibility="public" complexity="1" crap="1" count="4"/>
      <line num="19" type="method" name="getBody" visibility="public" complexity="1" crap="1" count="2"/>
      <line num="21" type="stmt" count="2"/>
      <line num="27" type="method" name="newInstance" visibility="public" complexity="3" crap="3.10" count="1"/>
      <line num="30" type="stmt" count="1"/>
      <line num="31" type="stmt" count="1"/>
      <line num="33" type="stmt" count="1"/>
      <line num="34" type="stmt" count="1"/>
      <line num="35" type="stmt" count="1"/>
      <line num="37" type="stmt" count="1"/>
      <line num="39" type="stmt" count="1"/>
      <line num="40" type="stmt" count="0"/>
      <line num="41" type="stmt" count="0"/>
      <line num="52" type="method" name="cloneProperties" visibility="private" complexity="5" crap="5" count="1"/>
      <line num="54" type="stmt" count="1"/>
      <line num="55" type="stmt" count="1"/>
      <line num="56" type="stmt" count="1"/>
      <line num="57" type="stmt" count="1"/>
      <line num="58" type="stmt" count="1"/>
      <line num="59" type="stmt" count="1"/>
      <line num="62" type="stmt" count="1"/>
      <line num="63" type="stmt" count="1"/>
      <line num="65" type="stmt" count="1"/>
      <line num="66" type="stmt" count="1"/>
      <metrics loc="71" ncloc="58" classes="1" methods="4" coveredmethods="3" conditionals="0" coveredconditionals="0" statements="21" coveredstatements="19" elements="25" coveredelements="22"/>
    </file>
    <file name="/home/exsio/php-object-decorator/src/Exsio/PhpObjectDecorator/PhpDecoratedObjectInterface.php">
      <metrics loc="12" ncloc="9" classes="0" methods="0" coveredmethods="0" conditionals="0" coveredconditionals="0" statements="0" coveredstatements="0" elements="0" coveredelements="0"/>
    </file>
    <file name="/home/exsio/php-object-decorator/src/Exsio/PhpObjectDecorator/PhpObjectDecorator.php">
      <class name="Exsio\PhpObjectDecorator\PhpObjectDecorator" namespace="global">
        <metrics complexity="39" methods="18" coveredmethods="16" conditionals="0" coveredconditionals="0" statements="81" coveredstatements="79" elements="99" coveredelements="95"/>
      </class>
      <line num="39" type="method" name="__construct" visibility="private" complexity="1" crap="1" count="11"/>
      <line num="51" type="method" name="decorate" visibility="public" complexity="4" crap="4.05" count="13"/>
      <line num="53" type="stmt" count="13"/>
      <line num="54" type="stmt" count="1"/>
      <line num="56" type="stmt" count="12"/>
      <line num="57" type="stmt" count="1"/>
      <line num="59" type="stmt" count="11"/>
      <line num="60" type="stmt" count="0"/>
      <line num="63" type="stmt" count="11"/>
      <line num="71" type="method" name="withNamespace" visibility="public" complexity="1" crap="1" count="1"/>
      <line num="73" type="stmt" count="1"/>
      <line num="75" type="stmt" count="1"/>
      <line num="83" type="method" name="withCache" visibility="public" complexity="1" crap="1" count="2"/>
      <line num="85" type="stmt" count="2"/>
      <line num="87" type="stmt" count="2"/>
      <line num="95" type="method" name="withBehavior" visibility="public" complexity="1" crap="1" count="7"/>
      <line num="97" type="stmt" count="7"/>
      <line num="99" type="stmt" count="7"/>
      <line num="107" type="method" name="withMethodOverride" visibility="public" complexity="1" crap="1" count="3"/>
      <line num="109" type="stmt" count="3"/>
      <line num="111" type="stmt" count="3"/>
      <line num="119" type="method" name="withMethodProcessor" visibility="public" complexity="1" crap="1" count="2"/>
      <line num="121" type="stmt" count="2"/>
      <line num="123" type="stmt" count="2"/>
      <line num="129" type="method" name="get" visibility="public" complexity="3" crap="3" count="10"/>
      <line num="132" type="stmt" count="10"/>
      <line num="133" type="stmt" count="1"/>
      <line num="134" type="stmt" count="1"/>
      <line num="137" type="stmt" count="9"/>
      <line num="140" type="stmt" count="4"/>
      <line num="146" type="method" name="getFullClassName" visibility="private" complexity="2" crap="2" count="4"/>
      <line num="148" type="stmt" count="4"/>
      <line num="150" type="stmt" count="4"/>
      <line num="157" type="method" name="createBody" visibility="private" complexity="2" crap="2" count="10"/>
      <line num="160" type="stmt" count="10"/>
      <line num="161" type="stmt" count="10"/>
      <line num="163" type="stmt" count="4"/>
      <line num="164" type="stmt" count="4"/>
      <line num="165" type="stmt" count="4"/>
      <line num="166" type="stmt" count="4"/>
      <line num="167" type="stmt" count="4"/>
      <line num="169" type="stmt" count="4"/>
      <line num="171" type="stmt" count="4"/>
      <line num="172" type="stmt" count="4"/>
      <line num="174" type="stmt" count="4"/>
      <line num="192" type="stmt" count="6"/>
      <line num="193" type="stmt" count="6"/>
      <line num="200" type="method" name="parseNamespace" visibility="private" complexity="2" crap="2" count="4"/>
      <line num="202" type="stmt" count="4"/>
      <line num="208" type="method" name="initialize" visibility="private" complexity="2" crap="2" count="10"/>
      <line num="210" type="stmt" count="10"/>
      <line num="211" type="stmt" count="1"/>
      <line num="213" type="stmt" count="10"/>
      <line num="214" type="stmt" count="10"/>
      <line num="220" type="method" name="validate" visibility="private" complexity="6" crap="6" count="10"/>
      <line num="222" type="stmt" count="10"/>
      <line num="223" type="stmt" count="10"/>
      <line num="224" type="stmt" count="7"/>
      <line num="225" type="stmt" count="3"/>
      <line num="226" type="stmt" count="3"/>
      <line num="227" type="stmt" count="3"/>
      <line num="228" type="stmt" count="1"/>
      <line num="233" type="stmt" count="5"/>
      <line num="234" type="stmt" count="3"/>
      <line num="235" type="stmt" count="1"/>
      <line num="243" type="method" name="parseBehaviors" visibility="private" complexity="2" crap="2" count="4"/>
      <line num="245" type="stmt" count="4"/>
      <line num="246" type="stmt" count="4"/>
      <line num="247" type="stmt" count="4"/>
      <line num="248" type="stmt" count="2"/>
      <line num="249" type="stmt" count="2"/>
      <line num="252" type="stmt" count="4"/>
      <line num="258" type="method" name="parseMethodOverrides" visibility="private" complexity="2" crap="2" count="4"/>
      <line num="260" type="stmt" count="4"/>
      <line num="261" type="stmt" count="4"/>
      <line num="262" type="stmt" count="2"/>
      <line num="264" type="stmt" count="2"/>
      <line num="265" type="stmt" count="2"/>
      <line num="269" type="stmt" count="4"/>
      <line num="275" type="method" name="parseMethodProcessor" visibility="private" complexity="4" crap="4" count="4"/>
      <line num="277" type="stmt" count="4"/>
      <line num="278" type="stmt" count="4"/>
      <line num="279" type="stmt" count="2"/>
      <line num="281" type="stmt" count="2"/>
      <line num="282" type="stmt" count="2"/>
      <line num="283" type="stmt" count="2"/>
      <line num="284" type="stmt" count="2"/>
      <line num="285" type="stmt" count="2"/>
      <line num="290" type="stmt" count="2"/>
      <line num="298" type="method" name="findMethodDefinition" visibility="private" complexity="2" crap="2.15" count="2"/>
      <line num="300" type="stmt" count="2"/>
      <line num="301" type="stmt" count="2"/>
      <line num="303" type="stmt" count="0"/>
      <line num="309" type="method" name="getOverriddenMethodNames" visibility="private" complexity="2" crap="2" count="2"/>
      <line num="311" type="stmt" count="2"/>
      <line num="312" type="stmt" count="2"/>
      <line num="313" type="stmt" count="2"/>
      <line num="316" type="stmt" count="2"/>
      <metrics loc="318" ncloc="245" classes="1" methods="18" coveredmethods="16" conditionals="0" coveredconditionals="0" statements="81" coveredstatements="79" elements="99" coveredelements="95"/>
    </file>
    <file name="/home/exsio/php-object-decorator/src/Exsio/PhpObjectDecorator/PhpObjectDecoratorBehavior.php">
      <class name="Exsio\PhpObjectDecorator\PhpObjectDecoratorBehavior" namespace="global">
        <metrics complexity="13" methods="7" coveredmethods="6" conditionals="0" coveredconditionals="0" statements="27" coveredstatements="25" elements="34" coveredelements="31"/>
      </class>
      <line num="20" type="method" name="__construct" visibility="public" complexity="1" crap="1" count="7"/>
      <line num="30" type="method" name="getInterfaceClass" visibility="public" complexity="1" crap="1" count="2"/>
      <line num="32" type="stmt" count="2"/>
      <line num="38" type="method" name="getTraitClass" visibility="public" complexity="1" crap="1" count="2"/>
      <line num="40" type="stmt" count="2"/>
      <line num="46" type="method" name="getInterfaceMethods" visibility="public" complexity="1" crap="1" count="3"/>
      <line num="48" type="stmt" count="3"/>
      <line num="50" type="stmt" count="3"/>
      <line num="56" type="method" name="getTraitMethods" visibility="public" complexity="1" crap="2" count="0"/>
      <line num="58" type="stmt" count="0"/>
      <line num="60" type="stmt" count="0"/>
      <line num="66" type="method" name="validate" visibility="public" complexity="6" crap="6" count="7"/>
      <line num="68" type="stmt" count="7"/>
      <line num="69" type="stmt" count="7"/>
      <line num="70" type="stmt" count="7"/>
      <line num="71" type="stmt" count="1"/>
      <line num="73" type="stmt" count="6"/>
      <line num="74" type="stmt" count="6"/>
      <line num="75" type="stmt" count="1"/>
      <line num="77" type="stmt" count="5"/>
      <line num="78" type="stmt" count="5"/>
      <line num="79" type="stmt" count="1"/>
      <line num="81" type="stmt" count="4"/>
      <line num="82" type="stmt" count="4"/>
      <line num="84" type="stmt" count="4"/>
      <line num="85" type="stmt" count="1"/>
      <line num="86" type="stmt" count="1"/>
      <line num="95" type="method" name="initialize" visibility="private" complexity="2" crap="2" count="7"/>
      <line num="97" type="stmt" count="7"/>
      <line num="98" type="stmt" count="3"/>
      <line num="101" type="stmt" count="7"/>
      <line num="102" type="stmt" count="7"/>
      <line num="103" type="stmt" count="7"/>
      <metrics loc="107" ncloc="83" classes="1" methods="7" coveredmethods="6" conditionals="0" coveredconditionals="0" statements="27" coveredstatements="25" elements="34" coveredelements="31"/>
    </file>
    <file name="/home/exsio/php-object-decorator/src/Exsio/PhpObjectDecorator/PhpObjectDecoratorCacheInterface.php">
      <metrics loc="19" ncloc="10" classes="0" methods="0" coveredmethods="0" conditionals="0" coveredconditionals="0" statements="0" coveredstatements="0" elements="0" coveredelements="0"/>
    </file>
    <file name="/home/exsio/php-object-decorator/src/Exsio/PhpObjectDecorator/PhpObjectDecoratorException.php">
      <class name="Exsio\PhpObjectDecorator\PhpObjectDecoratorException" namespace="global">
        <metrics complexity="1" methods="1" coveredmethods="1" conditionals="0" coveredconditionals="0" statements="1" coveredstatements="1" elements="2" coveredelements="2"/>
      </class>
      <line num="12" type="method" name="__construct" visibility="public" complexity="1" crap="1" count="8"/>
      <line num="14" type="stmt" count="8"/>
      <metrics loc="16" ncloc="12" classes="1" methods="1" coveredmethods="1" conditionals="0" coveredconditionals="0" statements="1" coveredstatements="1" elements="2" coveredelements="2"/>
    </file>
    <file name="/home/exsio/php-object-decorator/src/Exsio/PhpObjectDecorator/PhpObjectDecoratorMethodDefinition.php">
      <class name="Exsio\PhpObjectDecorator\PhpObjectDecoratorMethodDefinition" namespace="global">
        <metrics complexity="19" methods="9" coveredmethods="4" conditionals="0" coveredconditionals="0" statements="37" coveredstatements="21" elements="46" coveredelements="25"/>
      </class>
      <line num="29" type="method" name="__construct" visibility="public" complexity="8" crap="12.10" count="10"/>
      <line num="31" type="stmt" count="10"/>
      <line num="32" type="stmt" count="10"/>
      <line num="33" type="stmt" count="10"/>
      <line num="34" type="stmt" count="10"/>
      <line num="35" type="stmt" count="10"/>
      <line num="37" type="stmt" count="10"/>
      <line num="39" type="stmt" count="0"/>
      <line num="40" type="stmt" count="0"/>
      <line num="41" type="stmt" count="0"/>
      <line num="42" type="stmt" count="0"/>
      <line num="43" type="stmt" count="0"/>
      <line num="44" type="stmt" count="0"/>
      <line num="46" type="stmt" count="0"/>
      <line num="47" type="stmt" count="0"/>
      <line num="51" type="stmt" count="0"/>
      <line num="52" type="stmt" count="0"/>
      <line num="54" type="stmt" count="10"/>
      <line num="55" type="stmt" count="10"/>
      <line num="56" type="stmt" count="10"/>
      <line num="57" type="stmt" count="10"/>
      <line num="58" type="stmt" count="10"/>
      <line num="59" type="stmt" count="10"/>
      <line num="60" type="stmt" count="10"/>
      <line num="61" type="stmt" count="10"/>
      <line num="62" type="stmt" count="10"/>
      <line num="68" type="method" name="getHeader" visibility="public" complexity="1" crap="1" count="4"/>
      <line num="70" type="stmt" count="4"/>
      <line num="76" type="method" name="getParentCall" visibility="public" complexity="1" crap="1" count="2"/>
      <line num="78" type="stmt" count="2"/>
      <line num="84" type="method" name="getName" visibility="public" complexity="1" crap="1" count="2"/>
      <line num="86" type="stmt" count="2"/>
      <line num="92" type="method" name="getParameterNames" visibility="public" complexity="1" crap="2" count="0"/>
      <line num="94" type="stmt" count="0"/>
      <line num="100" type="method" name="getParametersWithTypes" visibility="public" complexity="1" crap="2" count="0"/>
      <line num="102" type="stmt" count="0"/>
      <line num="108" type="method" name="getParametersWithDefaultValues" visibility="public" complexity="1" crap="2" count="0"/>
      <line num="110" type="stmt" count="0"/>
      <line num="116" type="method" name="returnsValue" visibility="public" complexity="1" crap="1" count="2"/>
      <line num="118" type="stmt" count="2"/>
      <line num="126" type="method" name="getModifier" visibility="private" complexity="4" crap="7.46" count="10"/>
      <line num="129" type="stmt" count="10"/>
      <line num="130" type="stmt" count="10"/>
      <line num="131" type="stmt" count="0"/>
      <line num="132" type="stmt" count="0"/>
      <line num="134" type="stmt" count="0"/>
      <metrics loc="137" ncloc="102" classes="1" methods="9" coveredmethods="4" conditionals="0" coveredconditionals="0" statements="37" coveredstatements="21" elements="46" coveredelements="25"/>
    </file>
    <file name="/home/exsio/php-object-decorator/src/Exsio/PhpObjectDecorator/PhpObjectDecoratorMethodOverride.php">
      <class name="Exsio\PhpObjectDecorator\PhpObjectDecoratorMethodOverride" namespace="global">
        <metrics complexity="3" methods="3" coveredmethods="3" conditionals="0" coveredconditionals="0" statements="3" coveredstatements="3" elements="6" coveredelements="6"/>
      </class>
      <line num="12" type="method" name="__construct" visibility="public" complexity="1" crap="1" count="3"/>
      <line num="22" type="method" name="getMethodName" visibility="public" complexity="1" crap="1" count="3"/>
      <line num="24" type="stmt" count="3"/>
      <line num="30" type="method" name="getMethodBody" visibility="public" complexity="1" crap="1" count="2"/>
      <line num="32" type="stmt" count="2"/>
      <metrics loc="36" ncloc="26" classes="1" methods="3" coveredmethods="3" conditionals="0" coveredconditionals="0" statements="3" coveredstatements="3" elements="6" coveredelements="6"/>
    </file>
    <file name="/home/exsio/php-object-decorator/src/Exsio/PhpObjectDecorator/PhpObjectDecoratorMethodProcessorInterface.php">
      <metrics loc="13" ncloc="8" classes="0" methods="0" coveredmethods="0" conditionals="0" coveredconditionals="0" statements="0" coveredstatements="0" elements="0" coveredelements="0"/>
    </file>
    <file name="/home/exsio/php-object-decorator/src/Exsio/PhpObjectDecorator/PhpObjectDecoratorUtil.php">
      <class name="Exsio\PhpObjectDecorator\PhpObjectDecoratorUtil" namespace="global">
        <metrics complexity="9" methods="1" coveredmethods="0" conditionals="0" coveredconditionals="0" statements="8" coveredstatements="6" elements="9" coveredelements="6"/>
      </class>
      <line num="16" type="method" name="getMethodDefinitions" visibility="public" complexity="8" crap="9.00" count="10"/>
      <line num="19" type="stmt" count="10"/>
      <line num="20" type="stmt" count="10"/>
      <line num="21" type="stmt" count="10"/>
      <line num="22" type="stmt" count="10"/>
      <line num="23" type="stmt" count="10"/>
      <line num="27" type="stmt" count="10"/>
      <line num="28" type="stmt" count="0"/>
      <line num="29" type="stmt" count="0"/>
      <metrics loc="34" ncloc="31" classes="1" methods="1" coveredmethods="0" conditionals="0" coveredconditionals="0" statements="8" coveredstatements="6" elements="9" coveredelements="6"/>
    </file>
    <metrics files="10" loc="763" ncloc="584" classes="7" methods="43" coveredmethods="33" conditionals="0" coveredconditionals="0" statements="178" coveredstatements="154" elements="221" coveredelements="187"/>
  </project>
</coverage>
